clients/android-mediaplayer/app/build/intermediates/manifest_merge_blame_file/debug/processDebugMainManifest/manifest-merger-blame-debug-report.txt
1<?xml version="1.0" encoding="utf-8"?>
2<manifest xmlns:android="http://schemas.android.com/apk/res/android"
3    package="com.videocontrol.mediaplayer"
4    android:versionCode="1"
5    android:versionName="1.0.0" >
6
7    <uses-sdk
8        android:minSdkVersion="21"
9        android:targetSdkVersion="34" />
10
11    <uses-permission android:name="android.permission.INTERNET" />
11-->src/main/AndroidManifest.xml:5:5-67
11-->src/main/AndroidManifest.xml:5:22-64
12    <uses-permission android:name="android.permission.ACCESS_NETWORK_STATE" />
12-->src/main/AndroidManifest.xml:6:5-79
12-->src/main/AndroidManifest.xml:6:22-76
13    <uses-permission android:name="android.permission.WAKE_LOCK" />
13-->src/main/AndroidManifest.xml:7:5-68
13-->src/main/AndroidManifest.xml:7:22-65
14
15    <!-- Автозапуск при включении устройства -->
16    <uses-permission android:name="android.permission.RECEIVE_BOOT_COMPLETED" />
16-->src/main/AndroidManifest.xml:10:5-81
16-->src/main/AndroidManifest.xml:10:22-78
17
18    <!-- Опционально: для полного киоск-режима -->
19    <uses-permission android:name="android.permission.SYSTEM_ALERT_WINDOW" />
19-->src/main/AndroidManifest.xml:13:5-78
19-->src/main/AndroidManifest.xml:13:22-75
20    <uses-permission android:name="android.permission.DISABLE_KEYGUARD" />
20-->src/main/AndroidManifest.xml:14:5-75
20-->src/main/AndroidManifest.xml:14:22-72
21
22    <uses-feature
22-->src/main/AndroidManifest.xml:16:5-18:36
23        android:name="android.hardware.touchscreen"
23-->src/main/AndroidManifest.xml:17:9-52
24        android:required="false" />
24-->src/main/AndroidManifest.xml:18:9-33
25    <uses-feature
25-->src/main/AndroidManifest.xml:19:5-21:36
26        android:name="android.software.leanback"
26-->src/main/AndroidManifest.xml:20:9-49
27        android:required="false" />
27-->src/main/AndroidManifest.xml:21:9-33
28
29    <permission
29-->[androidx.core:core:1.9.0] AndroidManifest.xml:22:5-24:47
30        android:name="com.videocontrol.mediaplayer.DYNAMIC_RECEIVER_NOT_EXPORTED_PERMISSION"
30-->[androidx.core:core:1.9.0] AndroidManifest.xml:23:9-81
31        android:protectionLevel="signature" />
31-->[androidx.core:core:1.9.0] AndroidManifest.xml:24:9-44
32
33    <uses-permission android:name="com.videocontrol.mediaplayer.DYNAMIC_RECEIVER_NOT_EXPORTED_PERMISSION" />
33-->[androidx.core:core:1.9.0] AndroidManifest.xml:26:5-97
33-->[androidx.core:core:1.9.0] AndroidManifest.xml:26:22-94
34
35    <application
35-->src/main/AndroidManifest.xml:23:5-71:19
36        android:allowBackup="true"
36-->src/main/AndroidManifest.xml:24:9-35
37        android:appComponentFactory="androidx.core.app.CoreComponentFactory"
37-->[androidx.core:core:1.9.0] AndroidManifest.xml:28:18-86
38        android:debuggable="true"
39        android:extractNativeLibs="true"
40        android:hardwareAccelerated="true"
40-->src/main/AndroidManifest.xml:31:9-43
41        android:icon="@mipmap/ic_launcher"
41-->src/main/AndroidManifest.xml:25:9-43
42        android:label="@string/app_name"
42-->src/main/AndroidManifest.xml:27:9-41
43        android:roundIcon="@mipmap/ic_launcher"
43-->src/main/AndroidManifest.xml:26:9-48
44        android:supportsRtl="true"
44-->src/main/AndroidManifest.xml:28:9-35
45        android:theme="@style/Theme.VideoControl"
45-->src/main/AndroidManifest.xml:29:9-50
46        android:usesCleartextTraffic="true" >
46-->src/main/AndroidManifest.xml:30:9-44
47
48        <!-- Main Activity - точка входа (проверяет настройки) -->
49        <activity
49-->src/main/AndroidManifest.xml:35:9-48:20
50            android:name="com.videocontrol.mediaplayer.MainActivity"
50-->src/main/AndroidManifest.xml:36:13-41
51            android:configChanges="orientation|screenSize|keyboardHidden"
51-->src/main/AndroidManifest.xml:39:13-74
52            android:exported="true"
52-->src/main/AndroidManifest.xml:37:13-36
53            android:screenOrientation="landscape"
53-->src/main/AndroidManifest.xml:38:13-50
54            android:theme="@style/Theme.VideoControl.Fullscreen" >
54-->src/main/AndroidManifest.xml:40:13-65
55            <intent-filter>
55-->src/main/AndroidManifest.xml:42:13-47:29
56                <action android:name="android.intent.action.MAIN" />
56-->src/main/AndroidManifest.xml:43:17-69
56-->src/main/AndroidManifest.xml:43:25-66
57
58                <category android:name="android.intent.category.LAUNCHER" />
58-->src/main/AndroidManifest.xml:45:17-77
58-->src/main/AndroidManifest.xml:45:27-74
59                <category android:name="android.intent.category.LEANBACK_LAUNCHER" />
59-->src/main/AndroidManifest.xml:46:17-86
59-->src/main/AndroidManifest.xml:46:27-83
60            </intent-filter>
61        </activity>
62
63        <!-- Settings Activity - настройки -->
64        <activity
64-->src/main/AndroidManifest.xml:51:9-55:57
65            android:name="com.videocontrol.mediaplayer.SettingsActivity"
65-->src/main/AndroidManifest.xml:52:13-45
66            android:exported="false"
66-->src/main/AndroidManifest.xml:53:13-37
67            android:screenOrientation="landscape"
67-->src/main/AndroidManifest.xml:54:13-50
68            android:theme="@style/Theme.VideoControl" />
68-->src/main/AndroidManifest.xml:55:13-54
69
70        <!-- Boot Receiver - автозапуск при включении -->
71        <receiver
71-->src/main/AndroidManifest.xml:58:9-70:20
72            android:name="com.videocontrol.mediaplayer.BootReceiver"
72-->src/main/AndroidManifest.xml:59:13-41
73            android:enabled="true"
73-->src/main/AndroidManifest.xml:60:13-35
74            android:exported="true"
74-->src/main/AndroidManifest.xml:61:13-36
75            android:permission="android.permission.RECEIVE_BOOT_COMPLETED" >
75-->src/main/AndroidManifest.xml:62:13-75
76            <intent-filter>
76-->src/main/AndroidManifest.xml:63:13-69:29
77                <action android:name="android.intent.action.BOOT_COMPLETED" />
77-->src/main/AndroidManifest.xml:64:17-79
77-->src/main/AndroidManifest.xml:64:25-76
78                <action android:name="android.intent.action.LOCKED_BOOT_COMPLETED" />
78-->src/main/AndroidManifest.xml:65:17-86
78-->src/main/AndroidManifest.xml:65:25-83
79                <action android:name="android.intent.action.QUICKBOOT_POWERON" />
79-->src/main/AndroidManifest.xml:66:17-82
79-->src/main/AndroidManifest.xml:66:25-79
80
81                <category android:name="android.intent.category.DEFAULT" />
81-->src/main/AndroidManifest.xml:68:17-76
81-->src/main/AndroidManifest.xml:68:27-73
82            </intent-filter>
83        </receiver>
84
85        <provider
85-->[androidx.emoji2:emoji2:1.2.0] AndroidManifest.xml:24:9-32:20
86            android:name="androidx.startup.InitializationProvider"
86-->[androidx.emoji2:emoji2:1.2.0] AndroidManifest.xml:25:13-67
87            android:authorities="com.videocontrol.mediaplayer.androidx-startup"
87-->[androidx.emoji2:emoji2:1.2.0] AndroidManifest.xml:26:13-68
88            android:exported="false" >
88-->[androidx.emoji2:emoji2:1.2.0] AndroidManifest.xml:27:13-37
89            <meta-data
89-->[androidx.emoji2:emoji2:1.2.0] AndroidManifest.xml:29:13-31:52
90                android:name="androidx.emoji2.text.EmojiCompatInitializer"
90-->[androidx.emoji2:emoji2:1.2.0] AndroidManifest.xml:30:17-75
91                android:value="androidx.startup" />
91-->[androidx.emoji2:emoji2:1.2.0] AndroidManifest.xml:31:17-49
92            <meta-data
92-->[androidx.lifecycle:lifecycle-process:2.6.1] AndroidManifest.xml:29:13-31:52
93                android:name="androidx.lifecycle.ProcessLifecycleInitializer"
93-->[androidx.lifecycle:lifecycle-process:2.6.1] AndroidManifest.xml:30:17-78
94                android:value="androidx.startup" />
94-->[androidx.lifecycle:lifecycle-process:2.6.1] AndroidManifest.xml:31:17-49
95            <meta-data
95-->[androidx.profileinstaller:profileinstaller:1.3.0] AndroidManifest.xml:29:13-31:52
96                android:name="androidx.profileinstaller.ProfileInstallerInitializer"
96-->[androidx.profileinstaller:profileinstaller:1.3.0] AndroidManifest.xml:30:17-85
97                android:value="androidx.startup" />
97-->[androidx.profileinstaller:profileinstaller:1.3.0] AndroidManifest.xml:31:17-49
98        </provider>
99
100        <receiver
100-->[androidx.profileinstaller:profileinstaller:1.3.0] AndroidManifest.xml:34:9-52:20
101            android:name="androidx.profileinstaller.ProfileInstallReceiver"
101-->[androidx.profileinstaller:profileinstaller:1.3.0] AndroidManifest.xml:35:13-76
102            android:directBootAware="false"
102-->[androidx.profileinstaller:profileinstaller:1.3.0] AndroidManifest.xml:36:13-44
103            android:enabled="true"
103-->[androidx.profileinstaller:profileinstaller:1.3.0] AndroidManifest.xml:37:13-35
104            android:exported="true"
104-->[androidx.profileinstaller:profileinstaller:1.3.0] AndroidManifest.xml:38:13-36
105            android:permission="android.permission.DUMP" >
105-->[androidx.profileinstaller:profileinstaller:1.3.0] AndroidManifest.xml:39:13-57
106            <intent-filter>
106-->[androidx.profileinstaller:profileinstaller:1.3.0] AndroidManifest.xml:40:13-42:29
107                <action android:name="androidx.profileinstaller.action.INSTALL_PROFILE" />
107-->[androidx.profileinstaller:profileinstaller:1.3.0] AndroidManifest.xml:41:17-91
107-->[androidx.profileinstaller:profileinstaller:1.3.0] AndroidManifest.xml:41:25-88
108            </intent-filter>
109            <intent-filter>
109-->[androidx.profileinstaller:profileinstaller:1.3.0] AndroidManifest.xml:43:13-45:29
110                <action android:name="androidx.profileinstaller.action.SKIP_FILE" />
110-->[androidx.profileinstaller:profileinstaller:1.3.0] AndroidManifest.xml:44:17-85
110-->[androidx.profileinstaller:profileinstaller:1.3.0] AndroidManifest.xml:44:25-82
111            </intent-filter>
112            <intent-filter>
112-->[androidx.profileinstaller:profileinstaller:1.3.0] AndroidManifest.xml:46:13-48:29
113                <action android:name="androidx.profileinstaller.action.SAVE_PROFILE" />
113-->[androidx.profileinstaller:profileinstaller:1.3.0] AndroidManifest.xml:47:17-88
113-->[androidx.profileinstaller:profileinstaller:1.3.0] AndroidManifest.xml:47:25-85
114            </intent-filter>
115            <intent-filter>
115-->[androidx.profileinstaller:profileinstaller:1.3.0] AndroidManifest.xml:49:13-51:29
116                <action android:name="androidx.profileinstaller.action.BENCHMARK_OPERATION" />
116-->[androidx.profileinstaller:profileinstaller:1.3.0] AndroidManifest.xml:50:17-95
116-->[androidx.profileinstaller:profileinstaller:1.3.0] AndroidManifest.xml:50:25-92
117            </intent-filter>
118        </receiver>
119    </application>
120
121</manifest>